<?xml version="1.0" encoding="UTF-8" ?>
<testsuite failures="1" time="0.036" errors="0" skipped="0" tests="2" name="com.eccardt.AppTest">
  <properties>
[...]
</properties>
  <testcase time="0.003" classname="com.eccardt.AppTest" name="testKO">
    <failure type="junit.framework.AssertionFailedError">junit.framework.AssertionFailedError
	at junit.framework.Assert.fail(Assert.java:47)
	at junit.framework.Assert.assertTrue(Assert.java:20)
	at junit.framework.Assert.assertTrue(Assert.java:27)
	at com.eccardt.AppTest.testKO(AppTest.scala:26)
</failure>
  </testcase>
  <testcase time="0" classname="com.eccardt.AppTest" name="testOK"/>
</testsuite>